0 info it worked if it ends with ok
1 verbose cli [ '/home/lison/.nvm/versions/node/v7.2.0/bin/node',
1 verbose cli   '/home/lison/.nvm/versions/node/v7.2.0/bin/npm',
1 verbose cli   'run',
1 verbose cli   'starrt' ]
2 info using npm@3.10.9
3 info using node@v7.2.0
4 verbose stack Error: missing script: starrt
4 verbose stack     at run (/home/lison/.nvm/versions/node/v7.2.0/lib/node_modules/npm/lib/run-script.js:151:19)
4 verbose stack     at /home/lison/.nvm/versions/node/v7.2.0/lib/node_modules/npm/lib/run-script.js:61:5
4 verbose stack     at /home/lison/.nvm/versions/node/v7.2.0/lib/node_modules/npm/node_modules/read-package-json/read-json.js:356:5
4 verbose stack     at checkBinReferences_ (/home/lison/.nvm/versions/node/v7.2.0/lib/node_modules/npm/node_modules/read-package-json/read-json.js:320:45)
4 verbose stack     at final (/home/lison/.nvm/versions/node/v7.2.0/lib/node_modules/npm/node_modules/read-package-json/read-json.js:354:3)
4 verbose stack     at then (/home/lison/.nvm/versions/node/v7.2.0/lib/node_modules/npm/node_modules/read-package-json/read-json.js:124:5)
4 verbose stack     at /home/lison/.nvm/versions/node/v7.2.0/lib/node_modules/npm/node_modules/read-package-json/read-json.js:311:12
4 verbose stack     at /home/lison/.nvm/versions/node/v7.2.0/lib/node_modules/npm/node_modules/graceful-fs/graceful-fs.js:78:16
4 verbose stack     at tryToString (fs.js:425:3)
4 verbose stack     at FSReqWrap.readFileAfterClose [as oncomplete] (fs.js:412:12)
5 verbose cwd /home/lison/code/project-2
6 error Linux 4.18.0-25-generic
7 error argv "/home/lison/.nvm/versions/node/v7.2.0/bin/node" "/home/lison/.nvm/versions/node/v7.2.0/bin/npm" "run" "starrt"
8 error node v7.2.0
9 error npm  v3.10.9
10 error missing script: starrt
11 error If you need help, you may report this error at:
11 error     <https://github.com/npm/npm/issues>
12 verbose exit [ 1, true ]
